<?xml version="1.0" encoding="UTF-8"?>
<robot generator="Robot 6.1.1 (Python 3.12.0 on win32)" generated="20240523 10:21:26.092" rpa="false" schemaversion="4">
<suite id="s1" name="Assinatura" source="c:\Users\Brend\OneDrive\Documentos\Projetos\Agibank\Tests\assinatura.robot">
<test id="s1-t1" name="CT01 - Assinar newsletter" line="7">
<kw name="Dado que acessei a plataforma" library="base">
<kw name="Open Browser" library="SeleniumLibrary">
<arg>${url}</arg>
<arg>${BROWSER}</arg>
<doc>Opens a new browser instance to the optional ``url``.</doc>
<msg timestamp="20240523 10:21:26.338" level="INFO">Opening browser 'Chrome' to base url 'https://blogdoagi.com.br/'.</msg>
<msg timestamp="20240523 10:21:26.824" level="WARN">The chromedriver version (124.0.6367.201) detected in PATH at C:\Users\Brend\AppData\Local\Programs\Python\Python311\Scripts\chromedriver.exe might not be compatible with the detected chrome version (125.0.6422.76); currently, chromedriver 125.0.6422.76 is recommended for chrome 125.*, so it is advised to delete the driver in PATH and retry</msg>
<status status="PASS" starttime="20240523 10:21:26.338" endtime="20240523 10:21:32.250"/>
</kw>
<status status="PASS" starttime="20240523 10:21:26.337" endtime="20240523 10:21:32.251"/>
</kw>
<kw name="E preenchi meu e-mail no campo indicado" library="assinatura">
<kw name="Click Element" library="SeleniumLibrary">
<arg>${email}</arg>
<doc>Click the element identified by ``locator``.</doc>
<msg timestamp="20240523 10:21:32.257" level="INFO">Clicking element 'subscribe-field'.</msg>
<status status="PASS" starttime="20240523 10:21:32.254" endtime="20240523 10:21:32.376"/>
</kw>
<kw name="Input Text" library="SeleniumLibrary">
<arg>${email}</arg>
<arg>brunna.sousa.lucena@gmail.com</arg>
<doc>Types the given ``text`` into the text field identified by ``locator``.</doc>
<msg timestamp="20240523 10:21:32.378" level="INFO">Typing text 'brunna.sousa.lucena@gmail.com' into text field 'subscribe-field'.</msg>
<status status="PASS" starttime="20240523 10:21:32.377" endtime="20240523 10:21:32.556"/>
</kw>
<status status="PASS" starttime="20240523 10:21:32.253" endtime="20240523 10:21:32.556"/>
</kw>
<kw name="Então devo ser incrita no newsletter" library="assinatura">
<kw name="Click Element" library="SeleniumLibrary">
<arg>${inscrever}</arg>
<doc>Click the element identified by ``locator``.</doc>
<msg timestamp="20240523 10:21:32.560" level="INFO">Clicking element 'jetpack_subscriptions_widget'.</msg>
<status status="PASS" starttime="20240523 10:21:32.559" endtime="20240523 10:21:32.653"/>
</kw>
<status status="PASS" starttime="20240523 10:21:32.558" endtime="20240523 10:21:32.654"/>
</kw>
<status status="PASS" starttime="20240523 10:21:26.335" endtime="20240523 10:21:32.654"/>
</test>
<status status="PASS" starttime="20240523 10:21:26.097" endtime="20240523 10:21:32.657"/>
</suite>
<statistics>
<total>
<stat pass="1" fail="0" skip="0">All Tests</stat>
</total>
<tag>
</tag>
<suite>
<stat pass="1" fail="0" skip="0" id="s1" name="Assinatura">Assinatura</stat>
</suite>
</statistics>
<errors>
<msg timestamp="20240523 10:21:26.824" level="WARN">The chromedriver version (124.0.6367.201) detected in PATH at C:\Users\Brend\AppData\Local\Programs\Python\Python311\Scripts\chromedriver.exe might not be compatible with the detected chrome version (125.0.6422.76); currently, chromedriver 125.0.6422.76 is recommended for chrome 125.*, so it is advised to delete the driver in PATH and retry</msg>
</errors>
</robot>
